# JRE version: OpenJDK Runtime Environment (8.0_152-b01) (build 1.8.0_152-release-915-b01)
# Java VM: OpenJDK 64-Bit Server VM (25.152-b01 mixed mode linux-amd64 compressed oops)
Heap:
 PSYoungGen      total 342528K, used 57794K [0x00000000e0000000, 0x0000000100000000, 0x0000000100000000)
  eden space 175104K, 0% used [0x00000000e0000000,0x00000000e0000000,0x00000000eab00000)
  from space 167424K, 34% used [0x00000000f5c80000,0x00000000f94f09a0,0x0000000100000000)
  to   space 174592K, 0% used [0x00000000eab00000,0x00000000eab00000,0x00000000f5580000)
 ParOldGen       total 332288K, used 331826K [0x00000000a0000000, 0x00000000b4480000, 0x00000000e0000000)
  object space 332288K, 99% used [0x00000000a0000000,0x00000000b440c880,0x00000000b4480000)
 Metaspace       used 78705K, capacity 81024K, committed 81832K, reserved 1122304K
  class space    used 8791K, capacity 9334K, committed 9384K, reserved 1048576K
GC Heap History (10 events):
Event: 1948.666 GC heap after
Heap after GC invocations=41 (full 7):
 PSYoungGen      total 361472K, used 23088K [0x00000000e0000000, 0x00000000ff480000, 0x0000000100000000)
  eden space 229888K, 0% used [0x00000000e0000000,0x00000000e0000000,0x00000000ee080000)
  from space 131584K, 17% used [0x00000000f7400000,0x00000000f8a8c040,0x00000000ff480000)
  to   space 141312K, 0% used [0x00000000ee080000,0x00000000ee080000,0x00000000f6a80000)
 ParOldGen       total 332288K, used 176516K [0x00000000a0000000, 0x00000000b4480000, 0x00000000e0000000)
  object space 332288K, 53% used [0x00000000a0000000,0x00000000aac61308,0x00000000b4480000)
 Metaspace       used 76091K, capacity 78356K, committed 81576K, reserved 1122304K
  class space    used 8492K, capacity 8988K, committed 9384K, reserved 1048576K
}
Event: 1952.396 GC heap before
{Heap before GC invocations=42 (full 7):
 PSYoungGen      total 361472K, used 252976K [0x00000000e0000000, 0x00000000ff480000, 0x0000000100000000)
  eden space 229888K, 100% used [0x00000000e0000000,0x00000000ee080000,0x00000000ee080000)
  from space 131584K, 17% used [0x00000000f7400000,0x00000000f8a8c040,0x00000000ff480000)
  to   space 141312K, 0% used [0x00000000ee080000,0x00000000ee080000,0x00000000f6a80000)
 ParOldGen       total 332288K, used 176516K [0x00000000a0000000, 0x00000000b4480000, 0x00000000e0000000)
  object space 332288K, 53% used [0x00000000a0000000,0x00000000aac61308,0x00000000b4480000)
 Metaspace       used 77394K, capacity 79728K, committed 81576K, reserved 1122304K
  class space    used 8624K, capacity 9136K, committed 9384K, reserved 1048576K
Event: 1953.078 GC heap after
Heap after GC invocations=42 (full 7):
 PSYoungGen      total 371200K, used 69688K [0x00000000e0000000, 0x0000000100000000, 0x0000000100000000)
  eden space 229888K, 0% used [0x00000000e0000000,0x00000000e0000000,0x00000000ee080000)
  from space 141312K, 49% used [0x00000000ee080000,0x00000000f248e248,0x00000000f6a80000)
  to   space 137728K, 0% used [0x00000000f7980000,0x00000000f7980000,0x0000000100000000)
 ParOldGen       total 332288K, used 176524K [0x00000000a0000000, 0x00000000b4480000, 0x00000000e0000000)
  object space 332288K, 53% used [0x00000000a0000000,0x00000000aac63308,0x00000000b4480000)
 Metaspace       used 77394K, capacity 79728K, committed 81576K, reserved 1122304K
  class space    used 8624K, capacity 9136K, committed 9384K, reserved 1048576K
}
Event: 1953.923 GC heap before
{Heap before GC invocations=43 (full 7):
 PSYoungGen      total 371200K, used 299576K [0x00000000e0000000, 0x0000000100000000, 0x0000000100000000)
  eden space 229888K, 100% used [0x00000000e0000000,0x00000000ee080000,0x00000000ee080000)
  from space 141312K, 49% used [0x00000000ee080000,0x00000000f248e248,0x00000000f6a80000)
  to   space 137728K, 0% used [0x00000000f7980000,0x00000000f7980000,0x0000000100000000)
 ParOldGen       total 332288K, used 176524K [0x00000000a0000000, 0x00000000b4480000, 0x00000000e0000000)
  object space 332288K, 53% used [0x00000000a0000000,0x00000000aac63308,0x00000000b4480000)
 Metaspace       used 78263K, capacity 80572K, committed 81832K, reserved 1122304K
  class space    used 8746K, capacity 9266K, committed 9384K, reserved 1048576K
Event: 1955.415 GC heap after
Heap after GC invocations=43 (full 7):
 PSYoungGen      total 338432K, used 137717K [0x00000000e0000000, 0x0000000100000000, 0x0000000100000000)
  eden space 200704K, 0% used [0x00000000e0000000,0x00000000e0000000,0x00000000ec400000)
  from space 137728K, 99% used [0x00000000f7980000,0x00000000ffffd5e8,0x0000000100000000)
  to   space 161792K, 0% used [0x00000000ec400000,0x00000000ec400000,0x00000000f6200000)
 ParOldGen       total 332288K, used 183260K [0x00000000a0000000, 0x00000000b4480000, 0x00000000e0000000)
  object space 332288K, 55% used [0x00000000a0000000,0x00000000ab2f73d8,0x00000000b4480000)
 Metaspace       used 78263K, capacity 80572K, committed 81832K, reserved 1122304K
  class space    used 8746K, capacity 9266K, committed 9384K, reserved 1048576K
}
Event: 1956.236 GC heap before
{Heap before GC invocations=44 (full 7):
 PSYoungGen      total 338432K, used 338421K [0x00000000e0000000, 0x0000000100000000, 0x0000000100000000)
  eden space 200704K, 100% used [0x00000000e0000000,0x00000000ec400000,0x00000000ec400000)
  from space 137728K, 99% used [0x00000000f7980000,0x00000000ffffd5e8,0x0000000100000000)
  to   space 161792K, 0% used [0x00000000ec400000,0x00000000ec400000,0x00000000f6200000)
 ParOldGen       total 332288K, used 183260K [0x00000000a0000000, 0x00000000b4480000, 0x00000000e0000000)
  object space 332288K, 55% used [0x00000000a0000000,0x00000000ab2f73d8,0x00000000b4480000)
 Metaspace       used 78287K, capacity 80636K, committed 81832K, reserved 1122304K
  class space    used 8747K, capacity 9266K, committed 9384K, reserved 1048576K
Event: 1957.252 GC heap after
Heap after GC invocations=44 (full 7):
 PSYoungGen      total 356864K, used 155771K [0x00000000e0000000, 0x0000000100000000, 0x0000000100000000)
  eden space 200704K, 0% used [0x00000000e0000000,0x00000000e0000000,0x00000000ec400000)
  from space 156160K, 99% used [0x00000000ec400000,0x00000000f5c1ee50,0x00000000f5c80000)
  to   space 167424K, 0% used [0x00000000f5c80000,0x00000000f5c80000,0x0000000100000000)
 ParOldGen       total 332288K, used 194611K [0x00000000a0000000, 0x00000000b4480000, 0x00000000e0000000)
  object space 332288K, 58% used [0x00000000a0000000,0x00000000abe0cd40,0x00000000b4480000)
 Metaspace       used 78287K, capacity 80636K, committed 81832K, reserved 1122304K
  class space    used 8747K, capacity 9266K, committed 9384K, reserved 1048576K
}
Event: 1960.798 GC heap before
{Heap before GC invocations=45 (full 7):
 PSYoungGen      total 356864K, used 356475K [0x00000000e0000000, 0x0000000100000000, 0x0000000100000000)
  eden space 200704K, 100% used [0x00000000e0000000,0x00000000ec400000,0x00000000ec400000)
  from space 156160K, 99% used [0x00000000ec400000,0x00000000f5c1ee50,0x00000000f5c80000)
  to   space 167424K, 0% used [0x00000000f5c80000,0x00000000f5c80000,0x0000000100000000)
 ParOldGen       total 332288K, used 194611K [0x00000000a0000000, 0x00000000b4480000, 0x00000000e0000000)
  object space 332288K, 58% used [0x00000000a0000000,0x00000000abe0cd40,0x00000000b4480000)
 Metaspace       used 78730K, capacity 81108K, committed 81832K, reserved 1122304K
  class space    used 8794K, capacity 9338K, committed 9384K, reserved 1048576K
Event: 1963.687 GC heap after
Heap after GC invocations=45 (full 7):
 PSYoungGen      total 342528K, used 77926K [0x00000000e0000000, 0x0000000100000000, 0x0000000100000000)
  eden space 175104K, 0% used [0x00000000e0000000,0x00000000e0000000,0x00000000eab00000)
  from space 167424K, 46% used [0x00000000f5c80000,0x00000000fa899a58,0x0000000100000000)
  to   space 174592K, 0% used [0x00000000eab00000,0x00000000eab00000,0x00000000f5580000)
 ParOldGen       total 332288K, used 320155K [0x00000000a0000000, 0x00000000b4480000, 0x00000000e0000000)
  object space 332288K, 96% used [0x00000000a0000000,0x00000000b38a6d40,0x00000000b4480000)
 Metaspace       used 78730K, capacity 81108K, committed 81832K, reserved 1122304K
  class space    used 8794K, capacity 9338K, committed 9384K, reserved 1048576K
}
Event: 1963.696 GC heap before
{Heap before GC invocations=46 (full 8):
 PSYoungGen      total 342528K, used 77926K [0x00000000e0000000, 0x0000000100000000, 0x0000000100000000)
  eden space 175104K, 0% used [0x00000000e0000000,0x00000000e0000000,0x00000000eab00000)
  from space 167424K, 46% used [0x00000000f5c80000,0x00000000fa899a58,0x0000000100000000)
  to   space 174592K, 0% used [0x00000000eab00000,0x00000000eab00000,0x00000000f5580000)
 ParOldGen       total 332288K, used 320155K [0x00000000a0000000, 0x00000000b4480000, 0x00000000e0000000)
  object space 332288K, 96% used [0x00000000a0000000,0x00000000b38a6d40,0x00000000b4480000)
 Metaspace       used 78730K, capacity 81108K, committed 81832K, reserved 1122304K
  class space    used 8794K, capacity 9338K, committed 9384K, reserved 1048576K

