# JRE version: OpenJDK Runtime Environment (8.0_152-b01) (build 1.8.0_152-release-915-b01)
# Java VM: OpenJDK 64-Bit Server VM (25.152-b01 mixed mode linux-amd64 compressed oops)
Heap:
 PSYoungGen      total 325632K, used 38114K [0x00000000e0000000, 0x00000000f8e00000, 0x0000000100000000)
  eden space 243712K, 0% used [0x00000000e0000000,0x00000000e0000000,0x00000000eee00000)
  from space 81920K, 46% used [0x00000000eee00000,0x00000000f1338898,0x00000000f3e00000)
  to   space 76288K, 0% used [0x00000000f4380000,0x00000000f4380000,0x00000000f8e00000)
 ParOldGen       total 272384K, used 193707K [0x00000000a0000000, 0x00000000b0a00000, 0x00000000e0000000)
  object space 272384K, 71% used [0x00000000a0000000,0x00000000abd2ac68,0x00000000b0a00000)
 Metaspace       used 67643K, capacity 69258K, committed 69504K, reserved 1110016K
  class space    used 7871K, capacity 8289K, committed 8320K, reserved 1048576K
GC Heap History (10 events):
Event: 51.716 GC heap after
Heap after GC invocations=25 (full 6):
 PSYoungGen      total 231936K, used 42487K [0x00000000e0000000, 0x00000000f5e80000, 0x0000000100000000)
  eden space 189440K, 0% used [0x00000000e0000000,0x00000000e0000000,0x00000000eb900000)
  from space 42496K, 99% used [0x00000000eb900000,0x00000000ee27dc48,0x00000000ee280000)
  to   space 73216K, 0% used [0x00000000f1700000,0x00000000f1700000,0x00000000f5e80000)
 ParOldGen       total 180736K, used 140615K [0x00000000a0000000, 0x00000000ab080000, 0x00000000e0000000)
  object space 180736K, 77% used [0x00000000a0000000,0x00000000a8951d28,0x00000000ab080000)
 Metaspace       used 63167K, capacity 64500K, committed 64896K, reserved 1105920K
  class space    used 7356K, capacity 7686K, committed 7808K, reserved 1048576K
}
Event: 51.721 GC heap before
{Heap before GC invocations=26 (full 7):
 PSYoungGen      total 231936K, used 42487K [0x00000000e0000000, 0x00000000f5e80000, 0x0000000100000000)
  eden space 189440K, 0% used [0x00000000e0000000,0x00000000e0000000,0x00000000eb900000)
  from space 42496K, 99% used [0x00000000eb900000,0x00000000ee27dc48,0x00000000ee280000)
  to   space 73216K, 0% used [0x00000000f1700000,0x00000000f1700000,0x00000000f5e80000)
 ParOldGen       total 180736K, used 140615K [0x00000000a0000000, 0x00000000ab080000, 0x00000000e0000000)
  object space 180736K, 77% used [0x00000000a0000000,0x00000000a8951d28,0x00000000ab080000)
 Metaspace       used 63167K, capacity 64500K, committed 64896K, reserved 1105920K
  class space    used 7356K, capacity 7686K, committed 7808K, reserved 1048576K
Event: 53.037 GC heap after
Heap after GC invocations=26 (full 7):
 PSYoungGen      total 231936K, used 0K [0x00000000e0000000, 0x00000000f5e80000, 0x0000000100000000)
  eden space 189440K, 0% used [0x00000000e0000000,0x00000000e0000000,0x00000000eb900000)
  from space 42496K, 0% used [0x00000000eb900000,0x00000000eb900000,0x00000000ee280000)
  to   space 73216K, 0% used [0x00000000f1700000,0x00000000f1700000,0x00000000f5e80000)
 ParOldGen       total 272384K, used 113333K [0x00000000a0000000, 0x00000000b0a00000, 0x00000000e0000000)
  object space 272384K, 41% used [0x00000000a0000000,0x00000000a6ead4f8,0x00000000b0a00000)
 Metaspace       used 63141K, capacity 64416K, committed 64896K, reserved 1105920K
  class space    used 7353K, capacity 7682K, committed 7808K, reserved 1048576K
}
Event: 54.688 GC heap before
{Heap before GC invocations=27 (full 7):
 PSYoungGen      total 231936K, used 189440K [0x00000000e0000000, 0x00000000f5e80000, 0x0000000100000000)
  eden space 189440K, 100% used [0x00000000e0000000,0x00000000eb900000,0x00000000eb900000)
  from space 42496K, 0% used [0x00000000eb900000,0x00000000eb900000,0x00000000ee280000)
  to   space 73216K, 0% used [0x00000000f1700000,0x00000000f1700000,0x00000000f5e80000)
 ParOldGen       total 272384K, used 113333K [0x00000000a0000000, 0x00000000b0a00000, 0x00000000e0000000)
  object space 272384K, 41% used [0x00000000a0000000,0x00000000a6ead4f8,0x00000000b0a00000)
 Metaspace       used 63216K, capacity 64486K, committed 64896K, reserved 1105920K
  class space    used 7358K, capacity 7683K, committed 7808K, reserved 1048576K
Event: 54.874 GC heap after
Heap after GC invocations=27 (full 7):
 PSYoungGen      total 287232K, used 32326K [0x00000000e0000000, 0x00000000f5e00000, 0x0000000100000000)
  eden space 214528K, 0% used [0x00000000e0000000,0x00000000e0000000,0x00000000ed180000)
  from space 72704K, 44% used [0x00000000f1700000,0x00000000f36918e0,0x00000000f5e00000)
  to   space 71168K, 0% used [0x00000000ed180000,0x00000000ed180000,0x00000000f1700000)
 ParOldGen       total 272384K, used 113341K [0x00000000a0000000, 0x00000000b0a00000, 0x00000000e0000000)
  object space 272384K, 41% used [0x00000000a0000000,0x00000000a6eaf4f8,0x00000000b0a00000)
 Metaspace       used 63216K, capacity 64486K, committed 64896K, reserved 1105920K
  class space    used 7358K, capacity 7683K, committed 7808K, reserved 1048576K
}
Event: 61.172 GC heap before
{Heap before GC invocations=28 (full 7):
 PSYoungGen      total 287232K, used 246854K [0x00000000e0000000, 0x00000000f5e00000, 0x0000000100000000)
  eden space 214528K, 100% used [0x00000000e0000000,0x00000000ed180000,0x00000000ed180000)
  from space 72704K, 44% used [0x00000000f1700000,0x00000000f36918e0,0x00000000f5e00000)
  to   space 71168K, 0% used [0x00000000ed180000,0x00000000ed180000,0x00000000f1700000)
 ParOldGen       total 272384K, used 113341K [0x00000000a0000000, 0x00000000b0a00000, 0x00000000e0000000)
  object space 272384K, 41% used [0x00000000a0000000,0x00000000a6eaf4f8,0x00000000b0a00000)
 Metaspace       used 64046K, capacity 65338K, committed 65664K, reserved 1107968K
  class space    used 7396K, capacity 7725K, committed 7808K, reserved 1048576K
Event: 61.464 GC heap after
Heap after GC invocations=28 (full 7):
 PSYoungGen      total 285696K, used 71145K [0x00000000e0000000, 0x00000000f9880000, 0x0000000100000000)
  eden space 214528K, 0% used [0x00000000e0000000,0x00000000e0000000,0x00000000ed180000)
  from space 71168K, 99% used [0x00000000ed180000,0x00000000f16fa718,0x00000000f1700000)
  to   space 87040K, 0% used [0x00000000f4380000,0x00000000f4380000,0x00000000f9880000)
 ParOldGen       total 272384K, used 122709K [0x00000000a0000000, 0x00000000b0a00000, 0x00000000e0000000)
  object space 272384K, 45% used [0x00000000a0000000,0x00000000a77d55f8,0x00000000b0a00000)
 Metaspace       used 64046K, capacity 65338K, committed 65664K, reserved 1107968K
  class space    used 7396K, capacity 7725K, committed 7808K, reserved 1048576K
}
Event: 68.291 GC heap before
{Heap before GC invocations=29 (full 7):
 PSYoungGen      total 285696K, used 285673K [0x00000000e0000000, 0x00000000f9880000, 0x0000000100000000)
  eden space 214528K, 100% used [0x00000000e0000000,0x00000000ed180000,0x00000000ed180000)
  from space 71168K, 99% used [0x00000000ed180000,0x00000000f16fa718,0x00000000f1700000)
  to   space 87040K, 0% used [0x00000000f4380000,0x00000000f4380000,0x00000000f9880000)
 ParOldGen       total 272384K, used 122709K [0x00000000a0000000, 0x00000000b0a00000, 0x00000000e0000000)
  object space 272384K, 45% used [0x00000000a0000000,0x00000000a77d55f8,0x00000000b0a00000)
 Metaspace       used 66423K, capacity 67714K, committed 68096K, reserved 1110016K
  class space    used 7752K, capacity 8083K, committed 8192K, reserved 1048576K
Event: 68.611 GC heap after
Heap after GC invocations=29 (full 7):
 PSYoungGen      total 320000K, used 25998K [0x00000000e0000000, 0x00000000f8e00000, 0x0000000100000000)
  eden space 243712K, 0% used [0x00000000e0000000,0x00000000e0000000,0x00000000eee00000)
  from space 76288K, 34% used [0x00000000f4380000,0x00000000f5ce3818,0x00000000f8e00000)
  to   space 81920K, 0% used [0x00000000eee00000,0x00000000eee00000,0x00000000f3e00000)
 ParOldGen       total 272384K, used 193699K [0x00000000a0000000, 0x00000000b0a00000, 0x00000000e0000000)
  object space 272384K, 71% used [0x00000000a0000000,0x00000000abd28c68,0x00000000b0a00000)
 Metaspace       used 66423K, capacity 67714K, committed 68096K, reserved 1110016K
  class space    used 7752K, capacity 8083K, committed 8192K, reserved 1048576K
}
Event: 115.622 GC heap before
{Heap before GC invocations=30 (full 7):
 PSYoungGen      total 320000K, used 269710K [0x00000000e0000000, 0x00000000f8e00000, 0x0000000100000000)
  eden space 243712K, 100% used [0x00000000e0000000,0x00000000eee00000,0x00000000eee00000)
  from space 76288K, 34% used [0x00000000f4380000,0x00000000f5ce3818,0x00000000f8e00000)
  to   space 81920K, 0% used [0x00000000eee00000,0x00000000eee00000,0x00000000f3e00000)
 ParOldGen       total 272384K, used 193699K [0x00000000a0000000, 0x00000000b0a00000, 0x00000000e0000000)
  object space 272384K, 71% used [0x00000000a0000000,0x00000000abd28c68,0x00000000b0a00000)
 Metaspace       used 67643K, capacity 69258K, committed 69504K, reserved 1110016K
  class space    used 7871K, capacity 8289K, committed 8320K, reserved 1048576K

