# JRE version: OpenJDK Runtime Environment (8.0_152-b01) (build 1.8.0_152-release-915-b01)
# Java VM: OpenJDK 64-Bit Server VM (25.152-b01 mixed mode linux-amd64 compressed oops)
Heap:
 PSYoungGen      total 368128K, used 34876K [0x00000000e0000000, 0x0000000100000000, 0x0000000100000000)
  eden space 211968K, 0% used [0x00000000e0000000,0x00000000e0000000,0x00000000ecf00000)
  from space 156160K, 22% used [0x00000000ecf00000,0x00000000ef10f1a0,0x00000000f6780000)
  to   space 153088K, 0% used [0x00000000f6a80000,0x00000000f6a80000,0x0000000100000000)
 ParOldGen       total 517632K, used 516510K [0x00000000a0000000, 0x00000000bf980000, 0x00000000e0000000)
  object space 517632K, 99% used [0x00000000a0000000,0x00000000bf867a60,0x00000000bf980000)
 Metaspace       used 80119K, capacity 82976K, committed 83328K, reserved 1122304K
  class space    used 9078K, capacity 9826K, committed 9856K, reserved 1048576K
GC Heap History (10 events):
Event: 1932.441 GC heap after
Heap after GC invocations=37 (full 8):
 PSYoungGen      total 407040K, used 28029K [0x00000000e0000000, 0x0000000100000000, 0x0000000100000000)
  eden space 304128K, 0% used [0x00000000e0000000,0x00000000e0000000,0x00000000f2900000)
  from space 102912K, 27% used [0x00000000f2900000,0x00000000f445f658,0x00000000f8d80000)
  to   space 100352K, 0% used [0x00000000f9e00000,0x00000000f9e00000,0x0000000100000000)
 ParOldGen       total 514560K, used 331028K [0x00000000a0000000, 0x00000000bf680000, 0x00000000e0000000)
  object space 514560K, 64% used [0x00000000a0000000,0x00000000b4345138,0x00000000bf680000)
 Metaspace       used 73672K, capacity 76070K, committed 77568K, reserved 1118208K
  class space    used 8337K, capacity 8905K, committed 9216K, reserved 1048576K
}
Event: 2336.109 GC heap before
{Heap before GC invocations=38 (full 8):
 PSYoungGen      total 407040K, used 332157K [0x00000000e0000000, 0x0000000100000000, 0x0000000100000000)
  eden space 304128K, 100% used [0x00000000e0000000,0x00000000f2900000,0x00000000f2900000)
  from space 102912K, 27% used [0x00000000f2900000,0x00000000f445f658,0x00000000f8d80000)
  to   space 100352K, 0% used [0x00000000f9e00000,0x00000000f9e00000,0x0000000100000000)
 ParOldGen       total 514560K, used 331028K [0x00000000a0000000, 0x00000000bf680000, 0x00000000e0000000)
  object space 514560K, 64% used [0x00000000a0000000,0x00000000b4345138,0x00000000bf680000)
 Metaspace       used 76020K, capacity 78858K, committed 78976K, reserved 1118208K
  class space    used 8605K, capacity 9277K, committed 9344K, reserved 1048576K
Event: 2336.628 GC heap after
Heap after GC invocations=38 (full 8):
 PSYoungGen      total 412672K, used 25751K [0x00000000e0000000, 0x00000000ff780000, 0x0000000100000000)
  eden space 321024K, 0% used [0x00000000e0000000,0x00000000e0000000,0x00000000f3980000)
  from space 91648K, 28% used [0x00000000f9e00000,0x00000000fb725f40,0x00000000ff780000)
  to   space 97280K, 0% used [0x00000000f3980000,0x00000000f3980000,0x00000000f9880000)
 ParOldGen       total 514560K, used 331036K [0x00000000a0000000, 0x00000000bf680000, 0x00000000e0000000)
  object space 514560K, 64% used [0x00000000a0000000,0x00000000b4347138,0x00000000bf680000)
 Metaspace       used 76020K, capacity 78858K, committed 78976K, reserved 1118208K
  class space    used 8605K, capacity 9277K, committed 9344K, reserved 1048576K
}
Event: 2340.047 GC heap before
{Heap before GC invocations=39 (full 8):
 PSYoungGen      total 412672K, used 346775K [0x00000000e0000000, 0x00000000ff780000, 0x0000000100000000)
  eden space 321024K, 100% used [0x00000000e0000000,0x00000000f3980000,0x00000000f3980000)
  from space 91648K, 28% used [0x00000000f9e00000,0x00000000fb725f40,0x00000000ff780000)
  to   space 97280K, 0% used [0x00000000f3980000,0x00000000f3980000,0x00000000f9880000)
 ParOldGen       total 514560K, used 331036K [0x00000000a0000000, 0x00000000bf680000, 0x00000000e0000000)
  object space 514560K, 64% used [0x00000000a0000000,0x00000000b4347138,0x00000000bf680000)
 Metaspace       used 77863K, capacity 80698K, committed 81024K, reserved 1120256K
  class space    used 8820K, capacity 9519K, committed 9600K, reserved 1048576K
Event: 2341.459 GC heap after
Heap after GC invocations=39 (full 8):
 PSYoungGen      total 418304K, used 97264K [0x00000000e0000000, 0x0000000100000000, 0x0000000100000000)
  eden space 321024K, 0% used [0x00000000e0000000,0x00000000e0000000,0x00000000f3980000)
  from space 97280K, 99% used [0x00000000f3980000,0x00000000f987c330,0x00000000f9880000)
  to   space 105984K, 0% used [0x00000000f9880000,0x00000000f9880000,0x0000000100000000)
 ParOldGen       total 514560K, used 350345K [0x00000000a0000000, 0x00000000bf680000, 0x00000000e0000000)
  object space 514560K, 68% used [0x00000000a0000000,0x00000000b5622588,0x00000000bf680000)
 Metaspace       used 77863K, capacity 80698K, committed 81024K, reserved 1120256K
  class space    used 8820K, capacity 9519K, committed 9600K, reserved 1048576K
}
Event: 2502.160 GC heap before
{Heap before GC invocations=40 (full 8):
 PSYoungGen      total 418304K, used 418288K [0x00000000e0000000, 0x0000000100000000, 0x0000000100000000)
  eden space 321024K, 100% used [0x00000000e0000000,0x00000000f3980000,0x00000000f3980000)
  from space 97280K, 99% used [0x00000000f3980000,0x00000000f987c330,0x00000000f9880000)
  to   space 105984K, 0% used [0x00000000f9880000,0x00000000f9880000,0x0000000100000000)
 ParOldGen       total 514560K, used 350345K [0x00000000a0000000, 0x00000000bf680000, 0x00000000e0000000)
  object space 514560K, 68% used [0x00000000a0000000,0x00000000b5622588,0x00000000bf680000)
 Metaspace       used 78336K, capacity 81324K, committed 81536K, reserved 1122304K
  class space    used 8873K, capacity 9596K, committed 9600K, reserved 1048576K
Event: 2506.940 GC heap after
Heap after GC invocations=40 (full 8):
 PSYoungGen      total 317952K, used 105978K [0x00000000e0000000, 0x0000000100000000, 0x0000000100000000)
  eden space 211968K, 0% used [0x00000000e0000000,0x00000000e0000000,0x00000000ecf00000)
  from space 105984K, 99% used [0x00000000f9880000,0x00000000ffffe920,0x0000000100000000)
  to   space 156160K, 0% used [0x00000000ecf00000,0x00000000ecf00000,0x00000000f6780000)
 ParOldGen       total 514560K, used 411192K [0x00000000a0000000, 0x00000000bf680000, 0x00000000e0000000)
  object space 514560K, 79% used [0x00000000a0000000,0x00000000b918e3f8,0x00000000bf680000)
 Metaspace       used 78336K, capacity 81324K, committed 81536K, reserved 1122304K
  class space    used 8873K, capacity 9596K, committed 9600K, reserved 1048576K
}
Event: 2511.687 GC heap before
{Heap before GC invocations=41 (full 8):
 PSYoungGen      total 317952K, used 317946K [0x00000000e0000000, 0x0000000100000000, 0x0000000100000000)
  eden space 211968K, 100% used [0x00000000e0000000,0x00000000ecf00000,0x00000000ecf00000)
  from space 105984K, 99% used [0x00000000f9880000,0x00000000ffffe920,0x0000000100000000)
  to   space 156160K, 0% used [0x00000000ecf00000,0x00000000ecf00000,0x00000000f6780000)
 ParOldGen       total 514560K, used 411192K [0x00000000a0000000, 0x00000000bf680000, 0x00000000e0000000)
  object space 514560K, 79% used [0x00000000a0000000,0x00000000b918e3f8,0x00000000bf680000)
 Metaspace       used 80195K, capacity 83228K, committed 83328K, reserved 1122304K
  class space    used 9087K, capacity 9838K, committed 9856K, reserved 1048576K
Event: 2512.307 GC heap after
Heap after GC invocations=41 (full 8):
 PSYoungGen      total 368128K, used 77849K [0x00000000e0000000, 0x0000000100000000, 0x0000000100000000)
  eden space 211968K, 0% used [0x00000000e0000000,0x00000000e0000000,0x00000000ecf00000)
  from space 156160K, 49% used [0x00000000ecf00000,0x00000000f1b06508,0x00000000f6780000)
  to   space 153088K, 0% used [0x00000000f6a80000,0x00000000f6a80000,0x0000000100000000)
 ParOldGen       total 517632K, used 517159K [0x00000000a0000000, 0x00000000bf980000, 0x00000000e0000000)
  object space 517632K, 99% used [0x00000000a0000000,0x00000000bf909eb8,0x00000000bf980000)
 Metaspace       used 80195K, capacity 83228K, committed 83328K, reserved 1122304K
  class space    used 9087K, capacity 9838K, committed 9856K, reserved 1048576K
}
Event: 2512.313 GC heap before
{Heap before GC invocations=42 (full 9):
 PSYoungGen      total 368128K, used 77849K [0x00000000e0000000, 0x0000000100000000, 0x0000000100000000)
  eden space 211968K, 0% used [0x00000000e0000000,0x00000000e0000000,0x00000000ecf00000)
  from space 156160K, 49% used [0x00000000ecf00000,0x00000000f1b06508,0x00000000f6780000)
  to   space 153088K, 0% used [0x00000000f6a80000,0x00000000f6a80000,0x0000000100000000)
 ParOldGen       total 517632K, used 517159K [0x00000000a0000000, 0x00000000bf980000, 0x00000000e0000000)
  object space 517632K, 99% used [0x00000000a0000000,0x00000000bf909eb8,0x00000000bf980000)
 Metaspace       used 80195K, capacity 83228K, committed 83328K, reserved 1122304K
  class space    used 9087K, capacity 9838K, committed 9856K, reserved 1048576K

