# JRE version: OpenJDK Runtime Environment (8.0_152-b01) (build 1.8.0_152-release-915-b01)
# Java VM: OpenJDK 64-Bit Server VM (25.152-b01 mixed mode linux-amd64 compressed oops)
Heap:
 PSYoungGen      total 410624K, used 0K [0x00000000e0000000, 0x0000000100000000, 0x0000000100000000)
  eden space 296960K, 0% used [0x00000000e0000000,0x00000000e0000000,0x00000000f2200000)
  from space 113664K, 0% used [0x00000000f2200000,0x00000000f2200000,0x00000000f9100000)
  to   space 107520K, 0% used [0x00000000f9700000,0x00000000f9700000,0x0000000100000000)
 ParOldGen       total 472576K, used 353298K [0x00000000a0000000, 0x00000000bcd80000, 0x00000000e0000000)
  object space 472576K, 74% used [0x00000000a0000000,0x00000000b59048a8,0x00000000bcd80000)
 Metaspace       used 82960K, capacity 85792K, committed 102144K, reserved 1138688K
  class space    used 9129K, capacity 9834K, committed 12032K, reserved 1048576K
GC Heap History (10 events):
Event: 13094.983 GC heap after
Heap after GC invocations=97 (full 14):
 PSYoungGen      total 408576K, used 36127K [0x00000000e0000000, 0x00000000ff880000, 0x0000000100000000)
  eden space 304128K, 0% used [0x00000000e0000000,0x00000000e0000000,0x00000000f2900000)
  from space 104448K, 34% used [0x00000000f2900000,0x00000000f4c47f18,0x00000000f8f00000)
  to   space 97792K, 0% used [0x00000000f9900000,0x00000000f9900000,0x00000000ff880000)
 ParOldGen       total 472576K, used 263463K [0x00000000a0000000, 0x00000000bcd80000, 0x00000000e0000000)
  object space 472576K, 55% used [0x00000000a0000000,0x00000000b0149ed0,0x00000000bcd80000)
 Metaspace       used 82181K, capacity 85198K, committed 102144K, reserved 1138688K
  class space    used 9036K, capacity 9771K, committed 12032K, reserved 1048576K
}
Event: 13384.894 GC heap before
{Heap before GC invocations=98 (full 14):
 PSYoungGen      total 408576K, used 340255K [0x00000000e0000000, 0x00000000ff880000, 0x0000000100000000)
  eden space 304128K, 100% used [0x00000000e0000000,0x00000000f2900000,0x00000000f2900000)
  from space 104448K, 34% used [0x00000000f2900000,0x00000000f4c47f18,0x00000000f8f00000)
  to   space 97792K, 0% used [0x00000000f9900000,0x00000000f9900000,0x00000000ff880000)
 ParOldGen       total 472576K, used 263463K [0x00000000a0000000, 0x00000000bcd80000, 0x00000000e0000000)
  object space 472576K, 55% used [0x00000000a0000000,0x00000000b0149ed0,0x00000000bcd80000)
 Metaspace       used 83396K, capacity 86578K, committed 102144K, reserved 1138688K
  class space    used 9180K, capacity 9951K, committed 12032K, reserved 1048576K
Event: 13385.794 GC heap after
Heap after GC invocations=98 (full 14):
 PSYoungGen      total 416768K, used 10066K [0x00000000e0000000, 0x00000000ff580000, 0x0000000100000000)
  eden space 322048K, 0% used [0x00000000e0000000,0x00000000e0000000,0x00000000f3a80000)
  from space 94720K, 10% used [0x00000000f9900000,0x00000000fa2d4ad8,0x00000000ff580000)
  to   space 95744K, 0% used [0x00000000f3a80000,0x00000000f3a80000,0x00000000f9800000)
 ParOldGen       total 472576K, used 264561K [0x00000000a0000000, 0x00000000bcd80000, 0x00000000e0000000)
  object space 472576K, 55% used [0x00000000a0000000,0x00000000b025c588,0x00000000bcd80000)
 Metaspace       used 83396K, capacity 86578K, committed 102144K, reserved 1138688K
  class space    used 9180K, capacity 9951K, committed 12032K, reserved 1048576K
}
Event: 13400.345 GC heap before
{Heap before GC invocations=99 (full 14):
 PSYoungGen      total 416768K, used 332114K [0x00000000e0000000, 0x00000000ff580000, 0x0000000100000000)
  eden space 322048K, 100% used [0x00000000e0000000,0x00000000f3a80000,0x00000000f3a80000)
  from space 94720K, 10% used [0x00000000f9900000,0x00000000fa2d4ad8,0x00000000ff580000)
  to   space 95744K, 0% used [0x00000000f3a80000,0x00000000f3a80000,0x00000000f9800000)
 ParOldGen       total 472576K, used 264561K [0x00000000a0000000, 0x00000000bcd80000, 0x00000000e0000000)
  object space 472576K, 55% used [0x00000000a0000000,0x00000000b025c588,0x00000000bcd80000)
 Metaspace       used 85501K, capacity 88974K, committed 102144K, reserved 1138688K
  class space    used 9406K, capacity 10247K, committed 12032K, reserved 1048576K
Event: 13401.715 GC heap after
Heap after GC invocations=99 (full 14):
 PSYoungGen      total 417792K, used 63583K [0x00000000e0000000, 0x0000000100000000, 0x0000000100000000)
  eden space 322048K, 0% used [0x00000000e0000000,0x00000000e0000000,0x00000000f3a80000)
  from space 95744K, 66% used [0x00000000f3a80000,0x00000000f7897c10,0x00000000f9800000)
  to   space 100864K, 0% used [0x00000000f9d80000,0x00000000f9d80000,0x0000000100000000)
 ParOldGen       total 472576K, used 265935K [0x00000000a0000000, 0x00000000bcd80000, 0x00000000e0000000)
  object space 472576K, 56% used [0x00000000a0000000,0x00000000b03b3da8,0x00000000bcd80000)
 Metaspace       used 85501K, capacity 88974K, committed 102144K, reserved 1138688K
  class space    used 9406K, capacity 10247K, committed 12032K, reserved 1048576K
}
Event: 13403.935 GC heap before
{Heap before GC invocations=100 (full 14):
 PSYoungGen      total 417792K, used 385631K [0x00000000e0000000, 0x0000000100000000, 0x0000000100000000)
  eden space 322048K, 100% used [0x00000000e0000000,0x00000000f3a80000,0x00000000f3a80000)
  from space 95744K, 66% used [0x00000000f3a80000,0x00000000f7897c10,0x00000000f9800000)
  to   space 100864K, 0% used [0x00000000f9d80000,0x00000000f9d80000,0x0000000100000000)
 ParOldGen       total 472576K, used 265935K [0x00000000a0000000, 0x00000000bcd80000, 0x00000000e0000000)
  object space 472576K, 56% used [0x00000000a0000000,0x00000000b03b3da8,0x00000000bcd80000)
 Metaspace       used 86378K, capacity 89824K, committed 102144K, reserved 1138688K
  class space    used 9527K, capacity 10378K, committed 12032K, reserved 1048576K
Event: 13406.403 GC heap after
Heap after GC invocations=100 (full 14):
 PSYoungGen      total 397824K, used 88066K [0x00000000e0000000, 0x0000000100000000, 0x0000000100000000)
  eden space 296960K, 0% used [0x00000000e0000000,0x00000000e0000000,0x00000000f2200000)
  from space 100864K, 87% used [0x00000000f9d80000,0x00000000ff380918,0x0000000100000000)
  to   space 113664K, 0% used [0x00000000f2200000,0x00000000f2200000,0x00000000f9100000)
 ParOldGen       total 472576K, used 317593K [0x00000000a0000000, 0x00000000bcd80000, 0x00000000e0000000)
  object space 472576K, 67% used [0x00000000a0000000,0x00000000b3626720,0x00000000bcd80000)
 Metaspace       used 86378K, capacity 89824K, committed 102144K, reserved 1138688K
  class space    used 9527K, capacity 10378K, committed 12032K, reserved 1048576K
}
Event: 13831.388 GC heap before
{Heap before GC invocations=101 (full 14):
 PSYoungGen      total 397824K, used 385026K [0x00000000e0000000, 0x0000000100000000, 0x0000000100000000)
  eden space 296960K, 100% used [0x00000000e0000000,0x00000000f2200000,0x00000000f2200000)
  from space 100864K, 87% used [0x00000000f9d80000,0x00000000ff380918,0x0000000100000000)
  to   space 113664K, 0% used [0x00000000f2200000,0x00000000f2200000,0x00000000f9100000)
 ParOldGen       total 472576K, used 317593K [0x00000000a0000000, 0x00000000bcd80000, 0x00000000e0000000)
  object space 472576K, 67% used [0x00000000a0000000,0x00000000b3626720,0x00000000bcd80000)
 Metaspace       used 87134K, capacity 90736K, committed 102144K, reserved 1138688K
  class space    used 9617K, capacity 10490K, committed 12032K, reserved 1048576K
Event: 13836.207 GC heap after
Heap after GC invocations=101 (full 14):
 PSYoungGen      total 410624K, used 33949K [0x00000000e0000000, 0x0000000100000000, 0x0000000100000000)
  eden space 296960K, 0% used [0x00000000e0000000,0x00000000e0000000,0x00000000f2200000)
  from space 113664K, 29% used [0x00000000f2200000,0x00000000f4327428,0x00000000f9100000)
  to   space 107520K, 0% used [0x00000000f9700000,0x00000000f9700000,0x0000000100000000)
 ParOldGen       total 472576K, used 404635K [0x00000000a0000000, 0x00000000bcd80000, 0x00000000e0000000)
  object space 472576K, 85% used [0x00000000a0000000,0x00000000b8b26c00,0x00000000bcd80000)
 Metaspace       used 87134K, capacity 90736K, committed 102144K, reserved 1138688K
  class space    used 9617K, capacity 10490K, committed 12032K, reserved 1048576K
}
Event: 13836.211 GC heap before
{Heap before GC invocations=102 (full 15):
 PSYoungGen      total 410624K, used 33949K [0x00000000e0000000, 0x0000000100000000, 0x0000000100000000)
  eden space 296960K, 0% used [0x00000000e0000000,0x00000000e0000000,0x00000000f2200000)
  from space 113664K, 29% used [0x00000000f2200000,0x00000000f4327428,0x00000000f9100000)
  to   space 107520K, 0% used [0x00000000f9700000,0x00000000f9700000,0x0000000100000000)
 ParOldGen       total 472576K, used 404635K [0x00000000a0000000, 0x00000000bcd80000, 0x00000000e0000000)
  object space 472576K, 85% used [0x00000000a0000000,0x00000000b8b26c00,0x00000000bcd80000)
 Metaspace       used 87134K, capacity 90736K, committed 102144K, reserved 1138688K
  class space    used 9617K, capacity 10490K, committed 12032K, reserved 1048576K

